<?xml version="1.0" encoding="UTF-8"?>
<TestRun id="f8d28a67-36ba-46aa-9800-8bc1f5e67003" name="richarv@RICHARV-PC 2014-09-04 20:37:18" runUser="richarv-PC\richarv" xmlns="http://microsoft.com/schemas/VisualStudio/TeamTest/2010">
  <TestSettings name="Local" id="a3e025c0-8d4a-4913-b984-eab62b4439ab">
    <Description>These are default test settings for a local test run.</Description>
    <Deployment enabled="false" runDeploymentRoot="richarv_RICHARV-PC 2014-09-04 20_37_18" />
    <Execution>
      <TestTypeSpecific />
      <AgentRule name="Execution Agents">
      </AgentRule>
    </Execution>
  </TestSettings>
  <Times creation="2014-09-04T20:37:18.1059712+01:00" queuing="2014-09-04T20:37:18.1840962+01:00" start="2014-09-04T20:37:18.1840962+01:00" finish="2014-09-04T20:37:18.4184712+01:00" />
  <ResultSummary outcome="Completed">
    <Counters total="9" executed="9" passed="9" error="0" failed="0" timeout="0" aborted="0" inconclusive="0" passedButRunAborted="0" notRunnable="0" notExecuted="0" disconnected="0" warning="0" completed="0" inProgress="0" pending="0" />
  </ResultSummary>
  <TestDefinitions>
    <UnitTest name="Phone_Number_Must_Remove_Spaces" storage="c:\users\richarv\documents\phone-numbers-kata\vb\phone-numbers-kata\phone-numbers-kata\bin\debug\phone-numbers-kata.dll" id="4c40de11-7362-2c8b-7a59-5d9aee7ec8ff">
      <Execution id="75bdf2f1-be04-4cb3-a99c-a0027d82e4be" />
      <TestMethod codeBase="C:\Users\richarv\Documents\phone-numbers-kata\vb\phone-numbers-kata\phone-numbers-kata\bin\Debug\phone-numbers-kata.dll" adapterTypeName="Microsoft.VisualStudio.TestTools.TestTypes.Unit.UnitTestAdapter, Microsoft.VisualStudio.QualityTools.Tips.UnitTest.Adapter, Version=10.0.0.0, Culture=neutral, PublicKeyToken=b03f5f7f11d50a3a" className="phone_numbers_kata.PhoneNumberTests, phone-numbers-kata" name="Phone_Number_Must_Remove_Spaces" />
    </UnitTest>
    <UnitTest name="Fail_When_Phone_Number_Contains_Alpha_Characters" storage="c:\users\richarv\documents\phone-numbers-kata\vb\phone-numbers-kata\phone-numbers-kata\bin\debug\phone-numbers-kata.dll" id="590fc36c-caba-0990-c53e-af015d5b419e">
      <Execution id="76bc8b00-3168-410f-b1d4-3acbe5cda7e6" />
      <TestMethod codeBase="C:\Users\richarv\Documents\phone-numbers-kata\vb\phone-numbers-kata\phone-numbers-kata\bin\Debug\phone-numbers-kata.dll" adapterTypeName="Microsoft.VisualStudio.TestTools.TestTypes.Unit.UnitTestAdapter, Microsoft.VisualStudio.QualityTools.Tips.UnitTest.Adapter, Version=10.0.0.0, Culture=neutral, PublicKeyToken=b03f5f7f11d50a3a" className="phone_numbers_kata.PhoneNumberTests, phone-numbers-kata" name="Fail_When_Phone_Number_Contains_Alpha_Characters" />
    </UnitTest>
    <UnitTest name="Phone_Number_Must_Begin_With_9" storage="c:\users\richarv\documents\phone-numbers-kata\vb\phone-numbers-kata\phone-numbers-kata\bin\debug\phone-numbers-kata.dll" id="155291f4-845e-f3ef-1a25-4122a5fc6c8b">
      <Execution id="2aff53fb-df6e-42e7-94a4-50f4031f9300" />
      <TestMethod codeBase="C:\Users\richarv\Documents\phone-numbers-kata\vb\phone-numbers-kata\phone-numbers-kata\bin\Debug\phone-numbers-kata.dll" adapterTypeName="Microsoft.VisualStudio.TestTools.TestTypes.Unit.UnitTestAdapter, Microsoft.VisualStudio.QualityTools.Tips.UnitTest.Adapter, Version=10.0.0.0, Culture=neutral, PublicKeyToken=b03f5f7f11d50a3a" className="phone_numbers_kata.PhoneNumberTests, phone-numbers-kata" name="Phone_Number_Must_Begin_With_9" />
    </UnitTest>
    <UnitTest name="Fail_When_Phone_Number_Does_Not_Begin_With_9" storage="c:\users\richarv\documents\phone-numbers-kata\vb\phone-numbers-kata\phone-numbers-kata\bin\debug\phone-numbers-kata.dll" id="e0b9e060-252b-e6ef-869c-503f34c1d13f">
      <Execution id="c44c035b-77a8-4f6f-926a-18fa9644cb45" />
      <TestMethod codeBase="C:\Users\richarv\Documents\phone-numbers-kata\vb\phone-numbers-kata\phone-numbers-kata\bin\Debug\phone-numbers-kata.dll" adapterTypeName="Microsoft.VisualStudio.TestTools.TestTypes.Unit.UnitTestAdapter, Microsoft.VisualStudio.QualityTools.Tips.UnitTest.Adapter, Version=10.0.0.0, Culture=neutral, PublicKeyToken=b03f5f7f11d50a3a" className="phone_numbers_kata.PhoneNumberTests, phone-numbers-kata" name="Fail_When_Phone_Number_Does_Not_Begin_With_9" />
    </UnitTest>
    <UnitTest name="Phone_Number_Must_Be_11_Digits" storage="c:\users\richarv\documents\phone-numbers-kata\vb\phone-numbers-kata\phone-numbers-kata\bin\debug\phone-numbers-kata.dll" id="ca3e815a-dcb7-8e68-50f3-a432db3b84b0">
      <Execution id="a07506ab-7382-4ff3-af59-58863833ec5a" />
      <TestMethod codeBase="C:\Users\richarv\Documents\phone-numbers-kata\vb\phone-numbers-kata\phone-numbers-kata\bin\Debug\phone-numbers-kata.dll" adapterTypeName="Microsoft.VisualStudio.TestTools.TestTypes.Unit.UnitTestAdapter, Microsoft.VisualStudio.QualityTools.Tips.UnitTest.Adapter, Version=10.0.0.0, Culture=neutral, PublicKeyToken=b03f5f7f11d50a3a" className="phone_numbers_kata.PhoneNumberTests, phone-numbers-kata" name="Phone_Number_Must_Be_11_Digits" />
    </UnitTest>
    <UnitTest name="Phone_Number_Must_Be_Less_Than_12_Digits" storage="c:\users\richarv\documents\phone-numbers-kata\vb\phone-numbers-kata\phone-numbers-kata\bin\debug\phone-numbers-kata.dll" id="88f89b5d-6131-b4da-3e7d-c2884af72098">
      <Execution id="48fe8522-5509-4b9e-bbcd-dd5841a4e449" />
      <TestMethod codeBase="C:\Users\richarv\Documents\phone-numbers-kata\vb\phone-numbers-kata\phone-numbers-kata\bin\Debug\phone-numbers-kata.dll" adapterTypeName="Microsoft.VisualStudio.TestTools.TestTypes.Unit.UnitTestAdapter, Microsoft.VisualStudio.QualityTools.Tips.UnitTest.Adapter, Version=10.0.0.0, Culture=neutral, PublicKeyToken=b03f5f7f11d50a3a" className="phone_numbers_kata.PhoneNumberTests, phone-numbers-kata" name="Phone_Number_Must_Be_Less_Than_12_Digits" />
    </UnitTest>
    <UnitTest name="Phone_Number_Must_Be_More_Than_1_Digit" storage="c:\users\richarv\documents\phone-numbers-kata\vb\phone-numbers-kata\phone-numbers-kata\bin\debug\phone-numbers-kata.dll" id="b6f12c77-c909-a761-5d18-626ad1ce921a">
      <Execution id="1ba3a891-d5a8-4bc2-9f98-328894a330b0" />
      <TestMethod codeBase="C:\Users\richarv\Documents\phone-numbers-kata\vb\phone-numbers-kata\phone-numbers-kata\bin\Debug\phone-numbers-kata.dll" adapterTypeName="Microsoft.VisualStudio.TestTools.TestTypes.Unit.UnitTestAdapter, Microsoft.VisualStudio.QualityTools.Tips.UnitTest.Adapter, Version=10.0.0.0, Culture=neutral, PublicKeyToken=b03f5f7f11d50a3a" className="phone_numbers_kata.PhoneNumberTests, phone-numbers-kata" name="Phone_Number_Must_Be_More_Than_1_Digit" />
    </UnitTest>
    <UnitTest name="Phone_Number_Must_Remove_Special_Characters" storage="c:\users\richarv\documents\phone-numbers-kata\vb\phone-numbers-kata\phone-numbers-kata\bin\debug\phone-numbers-kata.dll" id="e241c246-06d0-884e-f650-5198aaeb0283">
      <Execution id="6b8ef119-222e-4fa1-a30f-a69156425be1" />
      <TestMethod codeBase="C:\Users\richarv\Documents\phone-numbers-kata\vb\phone-numbers-kata\phone-numbers-kata\bin\Debug\phone-numbers-kata.dll" adapterTypeName="Microsoft.VisualStudio.TestTools.TestTypes.Unit.UnitTestAdapter, Microsoft.VisualStudio.QualityTools.Tips.UnitTest.Adapter, Version=10.0.0.0, Culture=neutral, PublicKeyToken=b03f5f7f11d50a3a" className="phone_numbers_kata.PhoneNumberTests, phone-numbers-kata" name="Phone_Number_Must_Remove_Special_Characters" />
    </UnitTest>
    <UnitTest name="Phone_Number_Must_Be_More_Than_10_Digits" storage="c:\users\richarv\documents\phone-numbers-kata\vb\phone-numbers-kata\phone-numbers-kata\bin\debug\phone-numbers-kata.dll" id="856a3a28-aadf-659c-2a3d-2443351ce545">
      <Execution id="f9226e25-3f98-4304-a6ae-4443bdcc9fbd" />
      <TestMethod codeBase="C:\Users\richarv\Documents\phone-numbers-kata\vb\phone-numbers-kata\phone-numbers-kata\bin\Debug\phone-numbers-kata.dll" adapterTypeName="Microsoft.VisualStudio.TestTools.TestTypes.Unit.UnitTestAdapter, Microsoft.VisualStudio.QualityTools.Tips.UnitTest.Adapter, Version=10.0.0.0, Culture=neutral, PublicKeyToken=b03f5f7f11d50a3a" className="phone_numbers_kata.PhoneNumberTests, phone-numbers-kata" name="Phone_Number_Must_Be_More_Than_10_Digits" />
    </UnitTest>
  </TestDefinitions>
  <TestLists>
    <TestList name="Results Not in a List" id="8c84fa94-04c1-424b-9868-57a2d4851a1d" />
    <TestList name="All Loaded Results" id="19431567-8539-422a-85d7-44ee4e166bda" />
  </TestLists>
  <TestEntries>
    <TestEntry testId="155291f4-845e-f3ef-1a25-4122a5fc6c8b" executionId="2aff53fb-df6e-42e7-94a4-50f4031f9300" testListId="8c84fa94-04c1-424b-9868-57a2d4851a1d" />
    <TestEntry testId="4c40de11-7362-2c8b-7a59-5d9aee7ec8ff" executionId="75bdf2f1-be04-4cb3-a99c-a0027d82e4be" testListId="8c84fa94-04c1-424b-9868-57a2d4851a1d" />
    <TestEntry testId="590fc36c-caba-0990-c53e-af015d5b419e" executionId="76bc8b00-3168-410f-b1d4-3acbe5cda7e6" testListId="8c84fa94-04c1-424b-9868-57a2d4851a1d" />
    <TestEntry testId="856a3a28-aadf-659c-2a3d-2443351ce545" executionId="f9226e25-3f98-4304-a6ae-4443bdcc9fbd" testListId="8c84fa94-04c1-424b-9868-57a2d4851a1d" />
    <TestEntry testId="88f89b5d-6131-b4da-3e7d-c2884af72098" executionId="48fe8522-5509-4b9e-bbcd-dd5841a4e449" testListId="8c84fa94-04c1-424b-9868-57a2d4851a1d" />
    <TestEntry testId="b6f12c77-c909-a761-5d18-626ad1ce921a" executionId="1ba3a891-d5a8-4bc2-9f98-328894a330b0" testListId="8c84fa94-04c1-424b-9868-57a2d4851a1d" />
    <TestEntry testId="ca3e815a-dcb7-8e68-50f3-a432db3b84b0" executionId="a07506ab-7382-4ff3-af59-58863833ec5a" testListId="8c84fa94-04c1-424b-9868-57a2d4851a1d" />
    <TestEntry testId="e0b9e060-252b-e6ef-869c-503f34c1d13f" executionId="c44c035b-77a8-4f6f-926a-18fa9644cb45" testListId="8c84fa94-04c1-424b-9868-57a2d4851a1d" />
    <TestEntry testId="e241c246-06d0-884e-f650-5198aaeb0283" executionId="6b8ef119-222e-4fa1-a30f-a69156425be1" testListId="8c84fa94-04c1-424b-9868-57a2d4851a1d" />
  </TestEntries>
  <Results>
    <UnitTestResult executionId="2aff53fb-df6e-42e7-94a4-50f4031f9300" testId="155291f4-845e-f3ef-1a25-4122a5fc6c8b" testName="Phone_Number_Must_Begin_With_9" computerName="RICHARV-PC" duration="00:00:00.0100984" startTime="2014-09-04T20:37:18.1997212+01:00" endTime="2014-09-04T20:37:18.3403462+01:00" testType="13cdc9d9-ddb5-4fa4-a97d-d965ccfc6d4b" outcome="Passed" testListId="8c84fa94-04c1-424b-9868-57a2d4851a1d" relativeResultsDirectory="2aff53fb-df6e-42e7-94a4-50f4031f9300">
    </UnitTestResult>
    <UnitTestResult executionId="75bdf2f1-be04-4cb3-a99c-a0027d82e4be" testId="4c40de11-7362-2c8b-7a59-5d9aee7ec8ff" testName="Phone_Number_Must_Remove_Spaces" computerName="RICHARV-PC" duration="00:00:00.0001991" startTime="2014-09-04T20:37:18.3559712+01:00" endTime="2014-09-04T20:37:18.3559712+01:00" testType="13cdc9d9-ddb5-4fa4-a97d-d965ccfc6d4b" outcome="Passed" testListId="8c84fa94-04c1-424b-9868-57a2d4851a1d" relativeResultsDirectory="75bdf2f1-be04-4cb3-a99c-a0027d82e4be">
    </UnitTestResult>
    <UnitTestResult executionId="76bc8b00-3168-410f-b1d4-3acbe5cda7e6" testId="590fc36c-caba-0990-c53e-af015d5b419e" testName="Fail_When_Phone_Number_Contains_Alpha_Characters" computerName="RICHARV-PC" duration="00:00:00.0003626" startTime="2014-09-04T20:37:18.3559712+01:00" endTime="2014-09-04T20:37:18.3715962+01:00" testType="13cdc9d9-ddb5-4fa4-a97d-d965ccfc6d4b" outcome="Passed" testListId="8c84fa94-04c1-424b-9868-57a2d4851a1d" relativeResultsDirectory="76bc8b00-3168-410f-b1d4-3acbe5cda7e6">
    </UnitTestResult>
    <UnitTestResult executionId="f9226e25-3f98-4304-a6ae-4443bdcc9fbd" testId="856a3a28-aadf-659c-2a3d-2443351ce545" testName="Phone_Number_Must_Be_More_Than_10_Digits" computerName="RICHARV-PC" duration="00:00:00.0056867" startTime="2014-09-04T20:37:18.3715962+01:00" endTime="2014-09-04T20:37:18.3872212+01:00" testType="13cdc9d9-ddb5-4fa4-a97d-d965ccfc6d4b" outcome="Passed" testListId="8c84fa94-04c1-424b-9868-57a2d4851a1d" relativeResultsDirectory="f9226e25-3f98-4304-a6ae-4443bdcc9fbd">
    </UnitTestResult>
    <UnitTestResult executionId="48fe8522-5509-4b9e-bbcd-dd5841a4e449" testId="88f89b5d-6131-b4da-3e7d-c2884af72098" testName="Phone_Number_Must_Be_Less_Than_12_Digits" computerName="RICHARV-PC" duration="00:00:00.0001224" startTime="2014-09-04T20:37:18.3872212+01:00" endTime="2014-09-04T20:37:18.3872212+01:00" testType="13cdc9d9-ddb5-4fa4-a97d-d965ccfc6d4b" outcome="Passed" testListId="8c84fa94-04c1-424b-9868-57a2d4851a1d" relativeResultsDirectory="48fe8522-5509-4b9e-bbcd-dd5841a4e449">
    </UnitTestResult>
    <UnitTestResult executionId="1ba3a891-d5a8-4bc2-9f98-328894a330b0" testId="b6f12c77-c909-a761-5d18-626ad1ce921a" testName="Phone_Number_Must_Be_More_Than_1_Digit" computerName="RICHARV-PC" duration="00:00:00.0001051" startTime="2014-09-04T20:37:18.3872212+01:00" endTime="2014-09-04T20:37:18.3872212+01:00" testType="13cdc9d9-ddb5-4fa4-a97d-d965ccfc6d4b" outcome="Passed" testListId="8c84fa94-04c1-424b-9868-57a2d4851a1d" relativeResultsDirectory="1ba3a891-d5a8-4bc2-9f98-328894a330b0">
    </UnitTestResult>
    <UnitTestResult executionId="a07506ab-7382-4ff3-af59-58863833ec5a" testId="ca3e815a-dcb7-8e68-50f3-a432db3b84b0" testName="Phone_Number_Must_Be_11_Digits" computerName="RICHARV-PC" duration="00:00:00.0001485" startTime="2014-09-04T20:37:18.3872212+01:00" endTime="2014-09-04T20:37:18.3872212+01:00" testType="13cdc9d9-ddb5-4fa4-a97d-d965ccfc6d4b" outcome="Passed" testListId="8c84fa94-04c1-424b-9868-57a2d4851a1d" relativeResultsDirectory="a07506ab-7382-4ff3-af59-58863833ec5a">
    </UnitTestResult>
    <UnitTestResult executionId="c44c035b-77a8-4f6f-926a-18fa9644cb45" testId="e0b9e060-252b-e6ef-869c-503f34c1d13f" testName="Fail_When_Phone_Number_Does_Not_Begin_With_9" computerName="RICHARV-PC" duration="00:00:00.0001308" startTime="2014-09-04T20:37:18.3872212+01:00" endTime="2014-09-04T20:37:18.4028462+01:00" testType="13cdc9d9-ddb5-4fa4-a97d-d965ccfc6d4b" outcome="Passed" testListId="8c84fa94-04c1-424b-9868-57a2d4851a1d" relativeResultsDirectory="c44c035b-77a8-4f6f-926a-18fa9644cb45">
    </UnitTestResult>
    <UnitTestResult executionId="6b8ef119-222e-4fa1-a30f-a69156425be1" testId="e241c246-06d0-884e-f650-5198aaeb0283" testName="Phone_Number_Must_Remove_Special_Characters" computerName="RICHARV-PC" duration="00:00:00.0001446" startTime="2014-09-04T20:37:18.4028462+01:00" endTime="2014-09-04T20:37:18.4028462+01:00" testType="13cdc9d9-ddb5-4fa4-a97d-d965ccfc6d4b" outcome="Passed" testListId="8c84fa94-04c1-424b-9868-57a2d4851a1d" relativeResultsDirectory="6b8ef119-222e-4fa1-a30f-a69156425be1">
    </UnitTestResult>
  </Results>
</TestRun>