<?xml version="1.0" encoding="UTF-8"?>
<TestRun id="37f75524-474b-4271-bfb3-07ebcb8d135a" name="richarv@RICHARV-PC 2014-09-04 20:34:42" runUser="richarv-PC\richarv" xmlns="http://microsoft.com/schemas/VisualStudio/TeamTest/2010">
  <TestSettings name="Local" id="a3e025c0-8d4a-4913-b984-eab62b4439ab">
    <Description>These are default test settings for a local test run.</Description>
    <Deployment enabled="false" runDeploymentRoot="richarv_RICHARV-PC 2014-09-04 20_34_42" />
    <Execution>
      <TestTypeSpecific />
      <AgentRule name="Execution Agents">
      </AgentRule>
    </Execution>
  </TestSettings>
  <Times creation="2014-09-04T20:34:42.6049946+01:00" queuing="2014-09-04T20:34:42.8393696+01:00" start="2014-09-04T20:34:42.8549946+01:00" finish="2014-09-04T20:34:43.1362446+01:00" />
  <ResultSummary outcome="Completed">
    <Counters total="9" executed="9" passed="9" error="0" failed="0" timeout="0" aborted="0" inconclusive="0" passedButRunAborted="0" notRunnable="0" notExecuted="0" disconnected="0" warning="0" completed="0" inProgress="0" pending="0" />
  </ResultSummary>
  <TestDefinitions>
    <UnitTest name="Phone_Number_Must_Remove_Spaces" storage="c:\users\richarv\documents\phone-numbers-kata\vb\phone-numbers-kata\phone-numbers-kata\bin\debug\phone-numbers-kata.dll" id="4c40de11-7362-2c8b-7a59-5d9aee7ec8ff">
      <Execution id="085bcf53-15b5-4401-8222-97ee6ce4f9d5" />
      <TestMethod codeBase="C:\Users\richarv\Documents\phone-numbers-kata\vb\phone-numbers-kata\phone-numbers-kata\bin\Debug\phone-numbers-kata.dll" adapterTypeName="Microsoft.VisualStudio.TestTools.TestTypes.Unit.UnitTestAdapter, Microsoft.VisualStudio.QualityTools.Tips.UnitTest.Adapter, Version=10.0.0.0, Culture=neutral, PublicKeyToken=b03f5f7f11d50a3a" className="phone_numbers_kata.PhoneNumberTests, phone-numbers-kata" name="Phone_Number_Must_Remove_Spaces" />
    </UnitTest>
    <UnitTest name="Fail_When_Phone_Number_Contains_Alpha_Characters" storage="c:\users\richarv\documents\phone-numbers-kata\vb\phone-numbers-kata\phone-numbers-kata\bin\debug\phone-numbers-kata.dll" id="590fc36c-caba-0990-c53e-af015d5b419e">
      <Execution id="e77e7748-5259-4482-b0e4-45bc1cf8c14a" />
      <TestMethod codeBase="C:\Users\richarv\Documents\phone-numbers-kata\vb\phone-numbers-kata\phone-numbers-kata\bin\Debug\phone-numbers-kata.dll" adapterTypeName="Microsoft.VisualStudio.TestTools.TestTypes.Unit.UnitTestAdapter, Microsoft.VisualStudio.QualityTools.Tips.UnitTest.Adapter, Version=10.0.0.0, Culture=neutral, PublicKeyToken=b03f5f7f11d50a3a" className="phone_numbers_kata.PhoneNumberTests, phone-numbers-kata" name="Fail_When_Phone_Number_Contains_Alpha_Characters" />
    </UnitTest>
    <UnitTest name="Phone_Number_Must_Begin_With_9" storage="c:\users\richarv\documents\phone-numbers-kata\vb\phone-numbers-kata\phone-numbers-kata\bin\debug\phone-numbers-kata.dll" id="155291f4-845e-f3ef-1a25-4122a5fc6c8b">
      <Execution id="96e588b2-24fd-4d0c-972e-762893569431" />
      <TestMethod codeBase="C:\Users\richarv\Documents\phone-numbers-kata\vb\phone-numbers-kata\phone-numbers-kata\bin\Debug\phone-numbers-kata.dll" adapterTypeName="Microsoft.VisualStudio.TestTools.TestTypes.Unit.UnitTestAdapter, Microsoft.VisualStudio.QualityTools.Tips.UnitTest.Adapter, Version=10.0.0.0, Culture=neutral, PublicKeyToken=b03f5f7f11d50a3a" className="phone_numbers_kata.PhoneNumberTests, phone-numbers-kata" name="Phone_Number_Must_Begin_With_9" />
    </UnitTest>
    <UnitTest name="Fail_When_Phone_Number_Does_Not_Begin_With_9" storage="c:\users\richarv\documents\phone-numbers-kata\vb\phone-numbers-kata\phone-numbers-kata\bin\debug\phone-numbers-kata.dll" id="e0b9e060-252b-e6ef-869c-503f34c1d13f">
      <Execution id="d69f3dc6-d665-4a24-af51-49f336423d6e" />
      <TestMethod codeBase="C:\Users\richarv\Documents\phone-numbers-kata\vb\phone-numbers-kata\phone-numbers-kata\bin\Debug\phone-numbers-kata.dll" adapterTypeName="Microsoft.VisualStudio.TestTools.TestTypes.Unit.UnitTestAdapter, Microsoft.VisualStudio.QualityTools.Tips.UnitTest.Adapter, Version=10.0.0.0, Culture=neutral, PublicKeyToken=b03f5f7f11d50a3a" className="phone_numbers_kata.PhoneNumberTests, phone-numbers-kata" name="Fail_When_Phone_Number_Does_Not_Begin_With_9" />
    </UnitTest>
    <UnitTest name="Phone_Number_Must_Be_11_Digits" storage="c:\users\richarv\documents\phone-numbers-kata\vb\phone-numbers-kata\phone-numbers-kata\bin\debug\phone-numbers-kata.dll" id="ca3e815a-dcb7-8e68-50f3-a432db3b84b0">
      <Execution id="40a59530-b181-4a95-93b4-ea2380dfb01b" />
      <TestMethod codeBase="C:\Users\richarv\Documents\phone-numbers-kata\vb\phone-numbers-kata\phone-numbers-kata\bin\Debug\phone-numbers-kata.dll" adapterTypeName="Microsoft.VisualStudio.TestTools.TestTypes.Unit.UnitTestAdapter, Microsoft.VisualStudio.QualityTools.Tips.UnitTest.Adapter, Version=10.0.0.0, Culture=neutral, PublicKeyToken=b03f5f7f11d50a3a" className="phone_numbers_kata.PhoneNumberTests, phone-numbers-kata" name="Phone_Number_Must_Be_11_Digits" />
    </UnitTest>
    <UnitTest name="Phone_Number_Must_Be_Less_Than_12_Digits" storage="c:\users\richarv\documents\phone-numbers-kata\vb\phone-numbers-kata\phone-numbers-kata\bin\debug\phone-numbers-kata.dll" id="88f89b5d-6131-b4da-3e7d-c2884af72098">
      <Execution id="c5f26286-a99c-41d1-82b1-6a0a2167532b" />
      <TestMethod codeBase="C:\Users\richarv\Documents\phone-numbers-kata\vb\phone-numbers-kata\phone-numbers-kata\bin\Debug\phone-numbers-kata.dll" adapterTypeName="Microsoft.VisualStudio.TestTools.TestTypes.Unit.UnitTestAdapter, Microsoft.VisualStudio.QualityTools.Tips.UnitTest.Adapter, Version=10.0.0.0, Culture=neutral, PublicKeyToken=b03f5f7f11d50a3a" className="phone_numbers_kata.PhoneNumberTests, phone-numbers-kata" name="Phone_Number_Must_Be_Less_Than_12_Digits" />
    </UnitTest>
    <UnitTest name="Phone_Number_Must_Be_More_Than_1_Digit" storage="c:\users\richarv\documents\phone-numbers-kata\vb\phone-numbers-kata\phone-numbers-kata\bin\debug\phone-numbers-kata.dll" id="b6f12c77-c909-a761-5d18-626ad1ce921a">
      <Execution id="5874fcfd-ae49-4880-8438-98ebd429fd99" />
      <TestMethod codeBase="C:\Users\richarv\Documents\phone-numbers-kata\vb\phone-numbers-kata\phone-numbers-kata\bin\Debug\phone-numbers-kata.dll" adapterTypeName="Microsoft.VisualStudio.TestTools.TestTypes.Unit.UnitTestAdapter, Microsoft.VisualStudio.QualityTools.Tips.UnitTest.Adapter, Version=10.0.0.0, Culture=neutral, PublicKeyToken=b03f5f7f11d50a3a" className="phone_numbers_kata.PhoneNumberTests, phone-numbers-kata" name="Phone_Number_Must_Be_More_Than_1_Digit" />
    </UnitTest>
    <UnitTest name="Phone_Number_Must_Remove_Special_Characters" storage="c:\users\richarv\documents\phone-numbers-kata\vb\phone-numbers-kata\phone-numbers-kata\bin\debug\phone-numbers-kata.dll" id="e241c246-06d0-884e-f650-5198aaeb0283">
      <Execution id="d03e9b1e-0825-4710-afdb-032311cb911a" />
      <TestMethod codeBase="C:\Users\richarv\Documents\phone-numbers-kata\vb\phone-numbers-kata\phone-numbers-kata\bin\Debug\phone-numbers-kata.dll" adapterTypeName="Microsoft.VisualStudio.TestTools.TestTypes.Unit.UnitTestAdapter, Microsoft.VisualStudio.QualityTools.Tips.UnitTest.Adapter, Version=10.0.0.0, Culture=neutral, PublicKeyToken=b03f5f7f11d50a3a" className="phone_numbers_kata.PhoneNumberTests, phone-numbers-kata" name="Phone_Number_Must_Remove_Special_Characters" />
    </UnitTest>
    <UnitTest name="Phone_Number_Must_Be_More_Than_10_Digits" storage="c:\users\richarv\documents\phone-numbers-kata\vb\phone-numbers-kata\phone-numbers-kata\bin\debug\phone-numbers-kata.dll" id="856a3a28-aadf-659c-2a3d-2443351ce545">
      <Execution id="ba5873ba-6464-4df4-9c26-a18fc2c882d9" />
      <TestMethod codeBase="C:\Users\richarv\Documents\phone-numbers-kata\vb\phone-numbers-kata\phone-numbers-kata\bin\Debug\phone-numbers-kata.dll" adapterTypeName="Microsoft.VisualStudio.TestTools.TestTypes.Unit.UnitTestAdapter, Microsoft.VisualStudio.QualityTools.Tips.UnitTest.Adapter, Version=10.0.0.0, Culture=neutral, PublicKeyToken=b03f5f7f11d50a3a" className="phone_numbers_kata.PhoneNumberTests, phone-numbers-kata" name="Phone_Number_Must_Be_More_Than_10_Digits" />
    </UnitTest>
  </TestDefinitions>
  <TestLists>
    <TestList name="Results Not in a List" id="8c84fa94-04c1-424b-9868-57a2d4851a1d" />
    <TestList name="All Loaded Results" id="19431567-8539-422a-85d7-44ee4e166bda" />
  </TestLists>
  <TestEntries>
    <TestEntry testId="155291f4-845e-f3ef-1a25-4122a5fc6c8b" executionId="96e588b2-24fd-4d0c-972e-762893569431" testListId="8c84fa94-04c1-424b-9868-57a2d4851a1d" />
    <TestEntry testId="4c40de11-7362-2c8b-7a59-5d9aee7ec8ff" executionId="085bcf53-15b5-4401-8222-97ee6ce4f9d5" testListId="8c84fa94-04c1-424b-9868-57a2d4851a1d" />
    <TestEntry testId="590fc36c-caba-0990-c53e-af015d5b419e" executionId="e77e7748-5259-4482-b0e4-45bc1cf8c14a" testListId="8c84fa94-04c1-424b-9868-57a2d4851a1d" />
    <TestEntry testId="856a3a28-aadf-659c-2a3d-2443351ce545" executionId="ba5873ba-6464-4df4-9c26-a18fc2c882d9" testListId="8c84fa94-04c1-424b-9868-57a2d4851a1d" />
    <TestEntry testId="88f89b5d-6131-b4da-3e7d-c2884af72098" executionId="c5f26286-a99c-41d1-82b1-6a0a2167532b" testListId="8c84fa94-04c1-424b-9868-57a2d4851a1d" />
    <TestEntry testId="b6f12c77-c909-a761-5d18-626ad1ce921a" executionId="5874fcfd-ae49-4880-8438-98ebd429fd99" testListId="8c84fa94-04c1-424b-9868-57a2d4851a1d" />
    <TestEntry testId="ca3e815a-dcb7-8e68-50f3-a432db3b84b0" executionId="40a59530-b181-4a95-93b4-ea2380dfb01b" testListId="8c84fa94-04c1-424b-9868-57a2d4851a1d" />
    <TestEntry testId="e0b9e060-252b-e6ef-869c-503f34c1d13f" executionId="d69f3dc6-d665-4a24-af51-49f336423d6e" testListId="8c84fa94-04c1-424b-9868-57a2d4851a1d" />
    <TestEntry testId="e241c246-06d0-884e-f650-5198aaeb0283" executionId="d03e9b1e-0825-4710-afdb-032311cb911a" testListId="8c84fa94-04c1-424b-9868-57a2d4851a1d" />
  </TestEntries>
  <Results>
    <UnitTestResult executionId="96e588b2-24fd-4d0c-972e-762893569431" testId="155291f4-845e-f3ef-1a25-4122a5fc6c8b" testName="Phone_Number_Must_Begin_With_9" computerName="RICHARV-PC" duration="00:00:00.0129255" startTime="2014-09-04T20:34:42.8706196+01:00" endTime="2014-09-04T20:34:43.0424946+01:00" testType="13cdc9d9-ddb5-4fa4-a97d-d965ccfc6d4b" outcome="Passed" testListId="8c84fa94-04c1-424b-9868-57a2d4851a1d" relativeResultsDirectory="96e588b2-24fd-4d0c-972e-762893569431">
    </UnitTestResult>
    <UnitTestResult executionId="085bcf53-15b5-4401-8222-97ee6ce4f9d5" testId="4c40de11-7362-2c8b-7a59-5d9aee7ec8ff" testName="Phone_Number_Must_Remove_Spaces" computerName="RICHARV-PC" duration="00:00:00.0001727" startTime="2014-09-04T20:34:43.0424946+01:00" endTime="2014-09-04T20:34:43.0424946+01:00" testType="13cdc9d9-ddb5-4fa4-a97d-d965ccfc6d4b" outcome="Passed" testListId="8c84fa94-04c1-424b-9868-57a2d4851a1d" relativeResultsDirectory="085bcf53-15b5-4401-8222-97ee6ce4f9d5">
    </UnitTestResult>
    <UnitTestResult executionId="e77e7748-5259-4482-b0e4-45bc1cf8c14a" testId="590fc36c-caba-0990-c53e-af015d5b419e" testName="Fail_When_Phone_Number_Contains_Alpha_Characters" computerName="RICHARV-PC" duration="00:00:00.0026347" startTime="2014-09-04T20:34:43.0581196+01:00" endTime="2014-09-04T20:34:43.0581196+01:00" testType="13cdc9d9-ddb5-4fa4-a97d-d965ccfc6d4b" outcome="Passed" testListId="8c84fa94-04c1-424b-9868-57a2d4851a1d" relativeResultsDirectory="e77e7748-5259-4482-b0e4-45bc1cf8c14a">
    </UnitTestResult>
    <UnitTestResult executionId="ba5873ba-6464-4df4-9c26-a18fc2c882d9" testId="856a3a28-aadf-659c-2a3d-2443351ce545" testName="Phone_Number_Must_Be_More_Than_10_Digits" computerName="RICHARV-PC" duration="00:00:00.0009287" startTime="2014-09-04T20:34:43.0581196+01:00" endTime="2014-09-04T20:34:43.0581196+01:00" testType="13cdc9d9-ddb5-4fa4-a97d-d965ccfc6d4b" outcome="Passed" testListId="8c84fa94-04c1-424b-9868-57a2d4851a1d" relativeResultsDirectory="ba5873ba-6464-4df4-9c26-a18fc2c882d9">
    </UnitTestResult>
    <UnitTestResult executionId="c5f26286-a99c-41d1-82b1-6a0a2167532b" testId="88f89b5d-6131-b4da-3e7d-c2884af72098" testName="Phone_Number_Must_Be_Less_Than_12_Digits" computerName="RICHARV-PC" duration="00:00:00.0004563" startTime="2014-09-04T20:34:43.0581196+01:00" endTime="2014-09-04T20:34:43.0737446+01:00" testType="13cdc9d9-ddb5-4fa4-a97d-d965ccfc6d4b" outcome="Passed" testListId="8c84fa94-04c1-424b-9868-57a2d4851a1d" relativeResultsDirectory="c5f26286-a99c-41d1-82b1-6a0a2167532b">
    </UnitTestResult>
    <UnitTestResult executionId="5874fcfd-ae49-4880-8438-98ebd429fd99" testId="b6f12c77-c909-a761-5d18-626ad1ce921a" testName="Phone_Number_Must_Be_More_Than_1_Digit" computerName="RICHARV-PC" duration="00:00:00.0006551" startTime="2014-09-04T20:34:43.0737446+01:00" endTime="2014-09-04T20:34:43.0737446+01:00" testType="13cdc9d9-ddb5-4fa4-a97d-d965ccfc6d4b" outcome="Passed" testListId="8c84fa94-04c1-424b-9868-57a2d4851a1d" relativeResultsDirectory="5874fcfd-ae49-4880-8438-98ebd429fd99">
    </UnitTestResult>
    <UnitTestResult executionId="40a59530-b181-4a95-93b4-ea2380dfb01b" testId="ca3e815a-dcb7-8e68-50f3-a432db3b84b0" testName="Phone_Number_Must_Be_11_Digits" computerName="RICHARV-PC" duration="00:00:00.0003803" startTime="2014-09-04T20:34:43.0737446+01:00" endTime="2014-09-04T20:34:43.0737446+01:00" testType="13cdc9d9-ddb5-4fa4-a97d-d965ccfc6d4b" outcome="Passed" testListId="8c84fa94-04c1-424b-9868-57a2d4851a1d" relativeResultsDirectory="40a59530-b181-4a95-93b4-ea2380dfb01b">
    </UnitTestResult>
    <UnitTestResult executionId="d69f3dc6-d665-4a24-af51-49f336423d6e" testId="e0b9e060-252b-e6ef-869c-503f34c1d13f" testName="Fail_When_Phone_Number_Does_Not_Begin_With_9" computerName="RICHARV-PC" duration="00:00:00.0005530" startTime="2014-09-04T20:34:43.0737446+01:00" endTime="2014-09-04T20:34:43.0737446+01:00" testType="13cdc9d9-ddb5-4fa4-a97d-d965ccfc6d4b" outcome="Passed" testListId="8c84fa94-04c1-424b-9868-57a2d4851a1d" relativeResultsDirectory="d69f3dc6-d665-4a24-af51-49f336423d6e">
    </UnitTestResult>
    <UnitTestResult executionId="d03e9b1e-0825-4710-afdb-032311cb911a" testId="e241c246-06d0-884e-f650-5198aaeb0283" testName="Phone_Number_Must_Remove_Special_Characters" computerName="RICHARV-PC" duration="00:00:00.0004628" startTime="2014-09-04T20:34:43.0893696+01:00" endTime="2014-09-04T20:34:43.0893696+01:00" testType="13cdc9d9-ddb5-4fa4-a97d-d965ccfc6d4b" outcome="Passed" testListId="8c84fa94-04c1-424b-9868-57a2d4851a1d" relativeResultsDirectory="d03e9b1e-0825-4710-afdb-032311cb911a">
    </UnitTestResult>
  </Results>
</TestRun>