<?xml version="1.0" encoding="UTF-8"?>
<TestRun id="2f0d6c5b-df59-4002-b6db-ca0624a0f218" name="richarv@RICHARV-PC 2014-09-04 20:36:24" runUser="richarv-PC\richarv" xmlns="http://microsoft.com/schemas/VisualStudio/TeamTest/2010">
  <TestSettings name="Local" id="a3e025c0-8d4a-4913-b984-eab62b4439ab">
    <Description>These are default test settings for a local test run.</Description>
    <Deployment enabled="false" runDeploymentRoot="richarv_RICHARV-PC 2014-09-04 20_36_24" />
    <Execution>
      <TestTypeSpecific />
      <AgentRule name="Execution Agents">
      </AgentRule>
    </Execution>
  </TestSettings>
  <Times creation="2014-09-04T20:36:24.9399556+01:00" queuing="2014-09-04T20:36:25.0337056+01:00" start="2014-09-04T20:36:25.0649556+01:00" finish="2014-09-04T20:36:25.3149556+01:00" />
  <ResultSummary outcome="Failed">
    <Counters total="9" executed="9" passed="4" error="0" failed="5" timeout="0" aborted="0" inconclusive="0" passedButRunAborted="0" notRunnable="0" notExecuted="0" disconnected="0" warning="0" completed="0" inProgress="0" pending="0" />
  </ResultSummary>
  <TestDefinitions>
    <UnitTest name="Phone_Number_Must_Remove_Spaces" storage="c:\users\richarv\documents\phone-numbers-kata\vb\phone-numbers-kata\phone-numbers-kata\bin\debug\phone-numbers-kata.dll" id="4c40de11-7362-2c8b-7a59-5d9aee7ec8ff">
      <Execution id="86d64562-0e82-4946-b969-3eccf35d7aba" />
      <TestMethod codeBase="C:\Users\richarv\Documents\phone-numbers-kata\vb\phone-numbers-kata\phone-numbers-kata\bin\Debug\phone-numbers-kata.dll" adapterTypeName="Microsoft.VisualStudio.TestTools.TestTypes.Unit.UnitTestAdapter, Microsoft.VisualStudio.QualityTools.Tips.UnitTest.Adapter, Version=10.0.0.0, Culture=neutral, PublicKeyToken=b03f5f7f11d50a3a" className="phone_numbers_kata.PhoneNumberTests, phone-numbers-kata" name="Phone_Number_Must_Remove_Spaces" />
    </UnitTest>
    <UnitTest name="Fail_When_Phone_Number_Contains_Alpha_Characters" storage="c:\users\richarv\documents\phone-numbers-kata\vb\phone-numbers-kata\phone-numbers-kata\bin\debug\phone-numbers-kata.dll" id="590fc36c-caba-0990-c53e-af015d5b419e">
      <Execution id="3578cfb4-9768-4ac6-87ae-8811cf46ba54" />
      <TestMethod codeBase="C:\Users\richarv\Documents\phone-numbers-kata\vb\phone-numbers-kata\phone-numbers-kata\bin\Debug\phone-numbers-kata.dll" adapterTypeName="Microsoft.VisualStudio.TestTools.TestTypes.Unit.UnitTestAdapter, Microsoft.VisualStudio.QualityTools.Tips.UnitTest.Adapter, Version=10.0.0.0, Culture=neutral, PublicKeyToken=b03f5f7f11d50a3a" className="phone_numbers_kata.PhoneNumberTests, phone-numbers-kata" name="Fail_When_Phone_Number_Contains_Alpha_Characters" />
    </UnitTest>
    <UnitTest name="Phone_Number_Must_Begin_With_9" storage="c:\users\richarv\documents\phone-numbers-kata\vb\phone-numbers-kata\phone-numbers-kata\bin\debug\phone-numbers-kata.dll" id="155291f4-845e-f3ef-1a25-4122a5fc6c8b">
      <Execution id="bde8605d-41eb-4be7-9ce0-ef48963b1182" />
      <TestMethod codeBase="C:\Users\richarv\Documents\phone-numbers-kata\vb\phone-numbers-kata\phone-numbers-kata\bin\Debug\phone-numbers-kata.dll" adapterTypeName="Microsoft.VisualStudio.TestTools.TestTypes.Unit.UnitTestAdapter, Microsoft.VisualStudio.QualityTools.Tips.UnitTest.Adapter, Version=10.0.0.0, Culture=neutral, PublicKeyToken=b03f5f7f11d50a3a" className="phone_numbers_kata.PhoneNumberTests, phone-numbers-kata" name="Phone_Number_Must_Begin_With_9" />
    </UnitTest>
    <UnitTest name="Fail_When_Phone_Number_Does_Not_Begin_With_9" storage="c:\users\richarv\documents\phone-numbers-kata\vb\phone-numbers-kata\phone-numbers-kata\bin\debug\phone-numbers-kata.dll" id="e0b9e060-252b-e6ef-869c-503f34c1d13f">
      <Execution id="482f3fd6-a673-4bd1-a516-293b7cd822bd" />
      <TestMethod codeBase="C:\Users\richarv\Documents\phone-numbers-kata\vb\phone-numbers-kata\phone-numbers-kata\bin\Debug\phone-numbers-kata.dll" adapterTypeName="Microsoft.VisualStudio.TestTools.TestTypes.Unit.UnitTestAdapter, Microsoft.VisualStudio.QualityTools.Tips.UnitTest.Adapter, Version=10.0.0.0, Culture=neutral, PublicKeyToken=b03f5f7f11d50a3a" className="phone_numbers_kata.PhoneNumberTests, phone-numbers-kata" name="Fail_When_Phone_Number_Does_Not_Begin_With_9" />
    </UnitTest>
    <UnitTest name="Phone_Number_Must_Be_11_Digits" storage="c:\users\richarv\documents\phone-numbers-kata\vb\phone-numbers-kata\phone-numbers-kata\bin\debug\phone-numbers-kata.dll" id="ca3e815a-dcb7-8e68-50f3-a432db3b84b0">
      <Execution id="57b0b692-7ef6-4387-b21b-5c7ac4ec53db" />
      <TestMethod codeBase="C:\Users\richarv\Documents\phone-numbers-kata\vb\phone-numbers-kata\phone-numbers-kata\bin\Debug\phone-numbers-kata.dll" adapterTypeName="Microsoft.VisualStudio.TestTools.TestTypes.Unit.UnitTestAdapter, Microsoft.VisualStudio.QualityTools.Tips.UnitTest.Adapter, Version=10.0.0.0, Culture=neutral, PublicKeyToken=b03f5f7f11d50a3a" className="phone_numbers_kata.PhoneNumberTests, phone-numbers-kata" name="Phone_Number_Must_Be_11_Digits" />
    </UnitTest>
    <UnitTest name="Phone_Number_Must_Be_Less_Than_12_Digits" storage="c:\users\richarv\documents\phone-numbers-kata\vb\phone-numbers-kata\phone-numbers-kata\bin\debug\phone-numbers-kata.dll" id="88f89b5d-6131-b4da-3e7d-c2884af72098">
      <Execution id="eaaac3cb-9579-4bdc-9b87-4394cc635445" />
      <TestMethod codeBase="C:\Users\richarv\Documents\phone-numbers-kata\vb\phone-numbers-kata\phone-numbers-kata\bin\Debug\phone-numbers-kata.dll" adapterTypeName="Microsoft.VisualStudio.TestTools.TestTypes.Unit.UnitTestAdapter, Microsoft.VisualStudio.QualityTools.Tips.UnitTest.Adapter, Version=10.0.0.0, Culture=neutral, PublicKeyToken=b03f5f7f11d50a3a" className="phone_numbers_kata.PhoneNumberTests, phone-numbers-kata" name="Phone_Number_Must_Be_Less_Than_12_Digits" />
    </UnitTest>
    <UnitTest name="Phone_Number_Must_Be_More_Than_1_Digit" storage="c:\users\richarv\documents\phone-numbers-kata\vb\phone-numbers-kata\phone-numbers-kata\bin\debug\phone-numbers-kata.dll" id="b6f12c77-c909-a761-5d18-626ad1ce921a">
      <Execution id="4a76d5e1-79dd-4b5d-8bc0-3367b4278d90" />
      <TestMethod codeBase="C:\Users\richarv\Documents\phone-numbers-kata\vb\phone-numbers-kata\phone-numbers-kata\bin\Debug\phone-numbers-kata.dll" adapterTypeName="Microsoft.VisualStudio.TestTools.TestTypes.Unit.UnitTestAdapter, Microsoft.VisualStudio.QualityTools.Tips.UnitTest.Adapter, Version=10.0.0.0, Culture=neutral, PublicKeyToken=b03f5f7f11d50a3a" className="phone_numbers_kata.PhoneNumberTests, phone-numbers-kata" name="Phone_Number_Must_Be_More_Than_1_Digit" />
    </UnitTest>
    <UnitTest name="Phone_Number_Must_Remove_Special_Characters" storage="c:\users\richarv\documents\phone-numbers-kata\vb\phone-numbers-kata\phone-numbers-kata\bin\debug\phone-numbers-kata.dll" id="e241c246-06d0-884e-f650-5198aaeb0283">
      <Execution id="f7399652-34c7-4404-97fb-6a31a864f254" />
      <TestMethod codeBase="C:\Users\richarv\Documents\phone-numbers-kata\vb\phone-numbers-kata\phone-numbers-kata\bin\Debug\phone-numbers-kata.dll" adapterTypeName="Microsoft.VisualStudio.TestTools.TestTypes.Unit.UnitTestAdapter, Microsoft.VisualStudio.QualityTools.Tips.UnitTest.Adapter, Version=10.0.0.0, Culture=neutral, PublicKeyToken=b03f5f7f11d50a3a" className="phone_numbers_kata.PhoneNumberTests, phone-numbers-kata" name="Phone_Number_Must_Remove_Special_Characters" />
    </UnitTest>
    <UnitTest name="Phone_Number_Must_Be_More_Than_10_Digits" storage="c:\users\richarv\documents\phone-numbers-kata\vb\phone-numbers-kata\phone-numbers-kata\bin\debug\phone-numbers-kata.dll" id="856a3a28-aadf-659c-2a3d-2443351ce545">
      <Execution id="b52bdca9-4ad7-435d-864f-592d1c4a8d98" />
      <TestMethod codeBase="C:\Users\richarv\Documents\phone-numbers-kata\vb\phone-numbers-kata\phone-numbers-kata\bin\Debug\phone-numbers-kata.dll" adapterTypeName="Microsoft.VisualStudio.TestTools.TestTypes.Unit.UnitTestAdapter, Microsoft.VisualStudio.QualityTools.Tips.UnitTest.Adapter, Version=10.0.0.0, Culture=neutral, PublicKeyToken=b03f5f7f11d50a3a" className="phone_numbers_kata.PhoneNumberTests, phone-numbers-kata" name="Phone_Number_Must_Be_More_Than_10_Digits" />
    </UnitTest>
  </TestDefinitions>
  <TestLists>
    <TestList name="Results Not in a List" id="8c84fa94-04c1-424b-9868-57a2d4851a1d" />
    <TestList name="All Loaded Results" id="19431567-8539-422a-85d7-44ee4e166bda" />
  </TestLists>
  <TestEntries>
    <TestEntry testId="155291f4-845e-f3ef-1a25-4122a5fc6c8b" executionId="bde8605d-41eb-4be7-9ce0-ef48963b1182" testListId="8c84fa94-04c1-424b-9868-57a2d4851a1d" />
    <TestEntry testId="4c40de11-7362-2c8b-7a59-5d9aee7ec8ff" executionId="86d64562-0e82-4946-b969-3eccf35d7aba" testListId="8c84fa94-04c1-424b-9868-57a2d4851a1d" />
    <TestEntry testId="590fc36c-caba-0990-c53e-af015d5b419e" executionId="3578cfb4-9768-4ac6-87ae-8811cf46ba54" testListId="8c84fa94-04c1-424b-9868-57a2d4851a1d" />
    <TestEntry testId="856a3a28-aadf-659c-2a3d-2443351ce545" executionId="b52bdca9-4ad7-435d-864f-592d1c4a8d98" testListId="8c84fa94-04c1-424b-9868-57a2d4851a1d" />
    <TestEntry testId="88f89b5d-6131-b4da-3e7d-c2884af72098" executionId="eaaac3cb-9579-4bdc-9b87-4394cc635445" testListId="8c84fa94-04c1-424b-9868-57a2d4851a1d" />
    <TestEntry testId="b6f12c77-c909-a761-5d18-626ad1ce921a" executionId="4a76d5e1-79dd-4b5d-8bc0-3367b4278d90" testListId="8c84fa94-04c1-424b-9868-57a2d4851a1d" />
    <TestEntry testId="ca3e815a-dcb7-8e68-50f3-a432db3b84b0" executionId="57b0b692-7ef6-4387-b21b-5c7ac4ec53db" testListId="8c84fa94-04c1-424b-9868-57a2d4851a1d" />
    <TestEntry testId="e0b9e060-252b-e6ef-869c-503f34c1d13f" executionId="482f3fd6-a673-4bd1-a516-293b7cd822bd" testListId="8c84fa94-04c1-424b-9868-57a2d4851a1d" />
    <TestEntry testId="e241c246-06d0-884e-f650-5198aaeb0283" executionId="f7399652-34c7-4404-97fb-6a31a864f254" testListId="8c84fa94-04c1-424b-9868-57a2d4851a1d" />
  </TestEntries>
  <Results>
    <UnitTestResult executionId="bde8605d-41eb-4be7-9ce0-ef48963b1182" testId="155291f4-845e-f3ef-1a25-4122a5fc6c8b" testName="Phone_Number_Must_Begin_With_9" computerName="RICHARV-PC" duration="00:00:00.0108361" startTime="2014-09-04T20:36:25.0805806+01:00" endTime="2014-09-04T20:36:25.2368306+01:00" testType="13cdc9d9-ddb5-4fa4-a97d-d965ccfc6d4b" outcome="Passed" testListId="8c84fa94-04c1-424b-9868-57a2d4851a1d" relativeResultsDirectory="bde8605d-41eb-4be7-9ce0-ef48963b1182">
    </UnitTestResult>
    <UnitTestResult executionId="86d64562-0e82-4946-b969-3eccf35d7aba" testId="4c40de11-7362-2c8b-7a59-5d9aee7ec8ff" testName="Phone_Number_Must_Remove_Spaces" computerName="RICHARV-PC" duration="00:00:00.0001773" startTime="2014-09-04T20:36:25.2368306+01:00" endTime="2014-09-04T20:36:25.2368306+01:00" testType="13cdc9d9-ddb5-4fa4-a97d-d965ccfc6d4b" outcome="Passed" testListId="8c84fa94-04c1-424b-9868-57a2d4851a1d" relativeResultsDirectory="86d64562-0e82-4946-b969-3eccf35d7aba">
    </UnitTestResult>
    <UnitTestResult executionId="3578cfb4-9768-4ac6-87ae-8811cf46ba54" testId="590fc36c-caba-0990-c53e-af015d5b419e" testName="Fail_When_Phone_Number_Contains_Alpha_Characters" computerName="RICHARV-PC" duration="00:00:00.0082201" startTime="2014-09-04T20:36:25.2524556+01:00" endTime="2014-09-04T20:36:25.2524556+01:00" testType="13cdc9d9-ddb5-4fa4-a97d-d965ccfc6d4b" outcome="Failed" testListId="8c84fa94-04c1-424b-9868-57a2d4851a1d" relativeResultsDirectory="3578cfb4-9768-4ac6-87ae-8811cf46ba54">
      <Output>
        <ErrorInfo>
          <Message>Test method phone_numbers_kata.PhoneNumberTests.Fail_When_Phone_Number_Contains_Alpha_Characters did not throw expected exception System.Exception.</Message>
        </ErrorInfo>
      </Output>
    </UnitTestResult>
    <UnitTestResult executionId="b52bdca9-4ad7-435d-864f-592d1c4a8d98" testId="856a3a28-aadf-659c-2a3d-2443351ce545" testName="Phone_Number_Must_Be_More_Than_10_Digits" computerName="RICHARV-PC" duration="00:00:00.0010051" startTime="2014-09-04T20:36:25.2680806+01:00" endTime="2014-09-04T20:36:25.2680806+01:00" testType="13cdc9d9-ddb5-4fa4-a97d-d965ccfc6d4b" outcome="Failed" testListId="8c84fa94-04c1-424b-9868-57a2d4851a1d" relativeResultsDirectory="b52bdca9-4ad7-435d-864f-592d1c4a8d98">
      <Output>
        <ErrorInfo>
          <Message>Test method phone_numbers_kata.PhoneNumberTests.Phone_Number_Must_Be_More_Than_10_Digits did not throw expected exception System.Exception.</Message>
        </ErrorInfo>
      </Output>
    </UnitTestResult>
    <UnitTestResult executionId="eaaac3cb-9579-4bdc-9b87-4394cc635445" testId="88f89b5d-6131-b4da-3e7d-c2884af72098" testName="Phone_Number_Must_Be_Less_Than_12_Digits" computerName="RICHARV-PC" duration="00:00:00.0013716" startTime="2014-09-04T20:36:25.2680806+01:00" endTime="2014-09-04T20:36:25.2837056+01:00" testType="13cdc9d9-ddb5-4fa4-a97d-d965ccfc6d4b" outcome="Failed" testListId="8c84fa94-04c1-424b-9868-57a2d4851a1d" relativeResultsDirectory="eaaac3cb-9579-4bdc-9b87-4394cc635445">
      <Output>
        <ErrorInfo>
          <Message>Test method phone_numbers_kata.PhoneNumberTests.Phone_Number_Must_Be_Less_Than_12_Digits did not throw expected exception System.Exception.</Message>
        </ErrorInfo>
      </Output>
    </UnitTestResult>
    <UnitTestResult executionId="4a76d5e1-79dd-4b5d-8bc0-3367b4278d90" testId="b6f12c77-c909-a761-5d18-626ad1ce921a" testName="Phone_Number_Must_Be_More_Than_1_Digit" computerName="RICHARV-PC" duration="00:00:00.0009168" startTime="2014-09-04T20:36:25.2837056+01:00" endTime="2014-09-04T20:36:25.2837056+01:00" testType="13cdc9d9-ddb5-4fa4-a97d-d965ccfc6d4b" outcome="Failed" testListId="8c84fa94-04c1-424b-9868-57a2d4851a1d" relativeResultsDirectory="4a76d5e1-79dd-4b5d-8bc0-3367b4278d90">
      <Output>
        <ErrorInfo>
          <Message>Test method phone_numbers_kata.PhoneNumberTests.Phone_Number_Must_Be_More_Than_1_Digit did not throw expected exception System.Exception.</Message>
        </ErrorInfo>
      </Output>
    </UnitTestResult>
    <UnitTestResult executionId="57b0b692-7ef6-4387-b21b-5c7ac4ec53db" testId="ca3e815a-dcb7-8e68-50f3-a432db3b84b0" testName="Phone_Number_Must_Be_11_Digits" computerName="RICHARV-PC" duration="00:00:00.0011939" startTime="2014-09-04T20:36:25.2837056+01:00" endTime="2014-09-04T20:36:25.2837056+01:00" testType="13cdc9d9-ddb5-4fa4-a97d-d965ccfc6d4b" outcome="Passed" testListId="8c84fa94-04c1-424b-9868-57a2d4851a1d" relativeResultsDirectory="57b0b692-7ef6-4387-b21b-5c7ac4ec53db">
    </UnitTestResult>
    <UnitTestResult executionId="482f3fd6-a673-4bd1-a516-293b7cd822bd" testId="e0b9e060-252b-e6ef-869c-503f34c1d13f" testName="Fail_When_Phone_Number_Does_Not_Begin_With_9" computerName="RICHARV-PC" duration="00:00:00.0011671" startTime="2014-09-04T20:36:25.2837056+01:00" endTime="2014-09-04T20:36:25.2993306+01:00" testType="13cdc9d9-ddb5-4fa4-a97d-d965ccfc6d4b" outcome="Failed" testListId="8c84fa94-04c1-424b-9868-57a2d4851a1d" relativeResultsDirectory="482f3fd6-a673-4bd1-a516-293b7cd822bd">
      <Output>
        <ErrorInfo>
          <Message>Test method phone_numbers_kata.PhoneNumberTests.Fail_When_Phone_Number_Does_Not_Begin_With_9 did not throw expected exception System.Exception.</Message>
        </ErrorInfo>
      </Output>
    </UnitTestResult>
    <UnitTestResult executionId="f7399652-34c7-4404-97fb-6a31a864f254" testId="e241c246-06d0-884e-f650-5198aaeb0283" testName="Phone_Number_Must_Remove_Special_Characters" computerName="RICHARV-PC" duration="00:00:00.0001596" startTime="2014-09-04T20:36:25.2993306+01:00" endTime="2014-09-04T20:36:25.2993306+01:00" testType="13cdc9d9-ddb5-4fa4-a97d-d965ccfc6d4b" outcome="Passed" testListId="8c84fa94-04c1-424b-9868-57a2d4851a1d" relativeResultsDirectory="f7399652-34c7-4404-97fb-6a31a864f254">
    </UnitTestResult>
  </Results>
</TestRun>