<?xml version="1.0" encoding="UTF-8"?>
<TestRun id="e153e90f-4aa7-4e30-9ca0-d2488820a25c" name="richarv@RICHARV-PC 2014-09-04 20:34:01" runUser="richarv-PC\richarv" xmlns="http://microsoft.com/schemas/VisualStudio/TeamTest/2010">
  <TestSettings name="Local" id="a3e025c0-8d4a-4913-b984-eab62b4439ab">
    <Description>These are default test settings for a local test run.</Description>
    <Deployment userDeploymentRoot="C:\Users\richarv\Documents\phone-numbers-kata\vb\phone-numbers-kata\TestResults" useDefaultDeploymentRoot="false" enabled="false" runDeploymentRoot="richarv_RICHARV-PC 2014-09-04 20_34_01" />
    <Execution>
      <TestTypeSpecific />
      <AgentRule name="Execution Agents">
      </AgentRule>
    </Execution>
  </TestSettings>
  <Times creation="2014-09-04T20:34:01.3003071+01:00" queuing="2014-09-04T20:34:01.9194478+01:00" start="2014-09-04T20:34:02.0161275+01:00" finish="2014-09-04T20:34:17.0454243+01:00" />
  <ResultSummary outcome="Error">
    <Counters total="1" executed="1" error="0" failed="0" timeout="0" aborted="1" inconclusive="0" passedButRunAborted="0" notRunnable="0" notExecuted="0" disconnected="0" warning="0" passed="0" completed="0" inProgress="0" pending="0" />
    <RunInfos>
      <RunInfo computerName="RICHARV-PC" outcome="Error" timestamp="2014-09-04T20:34:17.0454243+01:00">
        <Text>Test host process exited unexpectedly.</Text>
      </RunInfo>
    </RunInfos>
  </ResultSummary>
  <TestDefinitions>
    <UnitTest name="Phone_Number_Must_Begin_With_9" storage="c:\users\richarv\documents\phone-numbers-kata\vb\phone-numbers-kata\phone-numbers-kata\bin\debug\phone-numbers-kata.dll" id="155291f4-845e-f3ef-1a25-4122a5fc6c8b">
      <Execution id="8d6a667e-ba47-41af-9f99-8a168a606504" />
      <TestMethod codeBase="C:\Users\richarv\Documents\phone-numbers-kata\vb\phone-numbers-kata\phone-numbers-kata\bin\Debug\phone-numbers-kata.dll" adapterTypeName="Microsoft.VisualStudio.TestTools.TestTypes.Unit.UnitTestAdapter, Microsoft.VisualStudio.QualityTools.Tips.UnitTest.Adapter, Version=10.0.0.0, Culture=neutral, PublicKeyToken=b03f5f7f11d50a3a" className="phone_numbers_kata.PhoneNumberTests, phone-numbers-kata" name="Phone_Number_Must_Begin_With_9" />
    </UnitTest>
  </TestDefinitions>
  <TestLists>
    <TestList name="Results Not in a List" id="8c84fa94-04c1-424b-9868-57a2d4851a1d" />
    <TestList name="All Loaded Results" id="19431567-8539-422a-85d7-44ee4e166bda" />
  </TestLists>
  <TestEntries>
    <TestEntry testId="155291f4-845e-f3ef-1a25-4122a5fc6c8b" executionId="8d6a667e-ba47-41af-9f99-8a168a606504" testListId="8c84fa94-04c1-424b-9868-57a2d4851a1d" />
  </TestEntries>
  <Results>
    <UnitTestResult executionId="8d6a667e-ba47-41af-9f99-8a168a606504" testId="155291f4-845e-f3ef-1a25-4122a5fc6c8b" testName="Phone_Number_Must_Begin_With_9" computerName="RICHARV-PC" duration="00:00:14.9375000" startTime="2014-09-04T20:34:02.1079243+01:00" endTime="2014-09-04T20:34:17.0454243+01:00" testType="13cdc9d9-ddb5-4fa4-a97d-d965ccfc6d4b" outcome="Aborted" testListId="8c84fa94-04c1-424b-9868-57a2d4851a1d" relativeResultsDirectory="8d6a667e-ba47-41af-9f99-8a168a606504">
    </UnitTestResult>
  </Results>
</TestRun>